TN:
SF:tvchannels.js
FN:2,(anonymous_0)
FN:11,(anonymous_1)
FN:18,(anonymous_2)
FN:27,(anonymous_3)
FN:36,(anonymous_4)
FN:37,(anonymous_5)
FN:46,(anonymous_6)
FN:48,(anonymous_7)
FN:62,(anonymous_8)
FN:70,(anonymous_9)
FN:71,(anonymous_10)
FN:74,(anonymous_11)
FN:76,(anonymous_12)
FN:80,(anonymous_13)
FN:82,(anonymous_14)
FN:91,(anonymous_15)
FN:94,(anonymous_16)
FN:112,(anonymous_17)
FN:120,(anonymous_18)
FN:127,(anonymous_19)
FN:132,(anonymous_20)
FN:137,(anonymous_21)
FN:149,(anonymous_22)
FN:174,(anonymous_23)
FNF:24
FNH:18
FNDA:21,(anonymous_0)
FNDA:1,(anonymous_1)
FNDA:1,(anonymous_2)
FNDA:10,(anonymous_3)
FNDA:21,(anonymous_4)
FNDA:19,(anonymous_5)
FNDA:2,(anonymous_6)
FNDA:1,(anonymous_7)
FNDA:1,(anonymous_8)
FNDA:1,(anonymous_9)
FNDA:1,(anonymous_10)
FNDA:0,(anonymous_11)
FNDA:0,(anonymous_12)
FNDA:0,(anonymous_13)
FNDA:0,(anonymous_14)
FNDA:15,(anonymous_15)
FNDA:30,(anonymous_16)
FNDA:0,(anonymous_17)
FNDA:0,(anonymous_18)
FNDA:2,(anonymous_19)
FNDA:1,(anonymous_20)
FNDA:6,(anonymous_21)
FNDA:1,(anonymous_22)
FNDA:1,(anonymous_23)
DA:3,21
DA:4,21
DA:5,21
DA:6,21
DA:12,1
DA:13,1
DA:19,1
DA:20,1
DA:28,10
DA:29,10
DA:37,21
DA:38,21
DA:39,1
DA:41,20
DA:48,2
DA:49,2
DA:52,2
DA:54,1
DA:57,1
DA:63,1
DA:71,1
DA:76,0
DA:82,0
DA:93,15
DA:94,30
DA:95,15
DA:97,15
DA:99,15
DA:100,15
DA:105,0
DA:108,15
DA:114,0
DA:122,0
DA:123,0
DA:128,2
DA:134,1
DA:136,1
DA:137,6
DA:138,3
DA:141,1
DA:151,1
DA:152,1
DA:153,0
DA:157,1
DA:158,1
DA:159,0
DA:162,1
DA:163,1
DA:164,1
DA:176,1
DA:177,1
DA:178,0
DA:180,1
DA:181,1
DA:182,0
DA:185,1
DA:186,1
DA:187,1
DA:194,1
LF:59
LH:49
BRDA:38,0,0,1
BRDA:38,0,1,20
BRDA:52,1,0,1
BRDA:52,1,1,1
BRDA:97,2,0,15
BRDA:97,2,1,0
BRDA:97,3,0,15
BRDA:97,3,1,15
BRDA:152,4,0,0
BRDA:152,4,1,1
BRDA:158,5,0,0
BRDA:158,5,1,1
BRDA:177,6,0,0
BRDA:177,6,1,1
BRDA:181,7,0,0
BRDA:181,7,1,1
BRF:16
BRH:11
end_of_record
