TN:
SF:tvchannels.js
FN:2,(anonymous_0)
FN:11,(anonymous_1)
FN:18,(anonymous_2)
FN:27,(anonymous_3)
FN:36,(anonymous_4)
FN:37,(anonymous_5)
FN:46,(anonymous_6)
FN:48,(anonymous_7)
FN:62,(anonymous_8)
FN:70,(anonymous_9)
FN:71,(anonymous_10)
FN:74,(anonymous_11)
FN:76,(anonymous_12)
FN:80,(anonymous_13)
FN:82,(anonymous_14)
FN:91,(anonymous_15)
FN:94,(anonymous_16)
FN:112,(anonymous_17)
FN:120,(anonymous_18)
FN:127,(anonymous_19)
FN:132,(anonymous_20)
FN:137,(anonymous_21)
FN:149,(anonymous_22)
FN:174,(anonymous_23)
FNF:24
FNH:19
FNDA:25,(anonymous_0)
FNDA:1,(anonymous_1)
FNDA:1,(anonymous_2)
FNDA:14,(anonymous_3)
FNDA:25,(anonymous_4)
FNDA:19,(anonymous_5)
FNDA:2,(anonymous_6)
FNDA:1,(anonymous_7)
FNDA:1,(anonymous_8)
FNDA:1,(anonymous_9)
FNDA:1,(anonymous_10)
FNDA:0,(anonymous_11)
FNDA:0,(anonymous_12)
FNDA:0,(anonymous_13)
FNDA:0,(anonymous_14)
FNDA:20,(anonymous_15)
FNDA:35,(anonymous_16)
FNDA:0,(anonymous_17)
FNDA:2,(anonymous_18)
FNDA:5,(anonymous_19)
FNDA:1,(anonymous_20)
FNDA:6,(anonymous_21)
FNDA:1,(anonymous_22)
FNDA:1,(anonymous_23)
DA:3,25
DA:4,25
DA:5,25
DA:6,25
DA:12,1
DA:13,1
DA:19,1
DA:20,1
DA:28,14
DA:29,14
DA:37,25
DA:38,25
DA:39,1
DA:41,24
DA:48,2
DA:49,2
DA:52,2
DA:54,1
DA:57,1
DA:63,1
DA:71,1
DA:76,0
DA:82,0
DA:93,20
DA:94,35
DA:95,20
DA:97,20
DA:99,18
DA:100,18
DA:105,2
DA:108,20
DA:114,0
DA:122,2
DA:123,2
DA:128,5
DA:134,1
DA:136,1
DA:137,6
DA:138,3
DA:141,1
DA:151,1
DA:152,1
DA:153,0
DA:157,1
DA:158,1
DA:159,0
DA:162,1
DA:163,1
DA:164,1
DA:176,1
DA:177,1
DA:178,0
DA:180,1
DA:181,1
DA:182,0
DA:185,1
DA:186,1
DA:187,1
DA:194,1
LF:59
LH:52
BRDA:38,0,0,1
BRDA:38,0,1,24
BRDA:52,1,0,1
BRDA:52,1,1,1
BRDA:97,2,0,18
BRDA:97,2,1,2
BRDA:97,3,0,20
BRDA:97,3,1,19
BRDA:152,4,0,0
BRDA:152,4,1,1
BRDA:158,5,0,0
BRDA:158,5,1,1
BRDA:177,6,0,0
BRDA:177,6,1,1
BRDA:181,7,0,0
BRDA:181,7,1,1
BRF:16
BRH:12
end_of_record
